2016-12-15 11:52:57 Error: Fatal Error (1): Call to undefined function App\Controller\money_format() in [E:\htdocs\2016\payu-airline\src\Controller\AppController.php, line 19]
Request URL: /2016/payu-airline/recharge
Trace:
Cake\Error\BaseErrorHandler::handleFatalError() - CORE\src\Error\BaseErrorHandler.php, line 216
Cake\Error\BaseErrorHandler::Cake\Error\{closure}() - CORE\src\Error\BaseErrorHandler.php, line 98
[main] - [internal], line ??



2016-12-15 11:52:57 Error: [Cake\Error\FatalErrorException] Call to undefined function App\Controller\money_format()
Request URL: /2016/payu-airline/recharge
Stack Trace:
#0 E:\htdocs\2016\payu-airline\vendor\cakephp\cakephp\src\Error\BaseErrorHandler.php(98): Cake\Error\BaseErrorHandler->handleFatalError(1, 'Call to undefin...', 'E:\\htdocs\\2016\\...', 19)
#1 [internal function]: Cake\Error\BaseErrorHandler->Cake\Error\{closure}()
#2 {main}


2016-12-19 11:01:51 Warning: Headers already sent in E:\htdocs\2016\payu-airline\vendor\cakephp\cakephp\src\Core\functions.php:176
2016-12-19 11:02:52 Warning: Headers already sent in E:\htdocs\2016\payu-airline\vendor\cakephp\cakephp\src\Core\functions.php:176
2016-12-19 11:08:35 Warning: Headers already sent in E:\htdocs\2016\payu-airline\vendor\cakephp\cakephp\src\Error\Debugger.php:753
2016-12-19 11:09:10 Warning: Headers already sent in E:\htdocs\2016\payu-airline\vendor\cakephp\cakephp\src\Error\Debugger.php:753
2016-12-19 11:09:41 Warning: Headers already sent in E:\htdocs\2016\payu-airline\vendor\cakephp\cakephp\src\Core\functions.php:176
2016-12-19 11:11:59 Warning: Headers already sent in E:\htdocs\2016\payu-airline\vendor\cakephp\cakephp\src\Core\functions.php:176
2016-12-19 11:15:51 Warning: Headers already sent in E:\htdocs\2016\payu-airline\vendor\cakephp\cakephp\src\Core\functions.php:176
2016-12-19 11:16:02 Warning: Headers already sent in E:\htdocs\2016\payu-airline\vendor\cakephp\cakephp\src\Core\functions.php:176
2016-12-19 11:23:37 Warning: Headers already sent in E:\htdocs\2016\payu-airline\vendor\cakephp\cakephp\src\Core\functions.php:176
2016-12-19 11:23:58 Warning: Headers already sent in E:\htdocs\2016\payu-airline\vendor\cakephp\cakephp\src\Core\functions.php:176
2016-12-19 11:37:05 Warning: Headers already sent in E:\htdocs\2016\payu-airline\vendor\cakephp\cakephp\src\Core\functions.php:176
2016-12-19 12:00:40 Warning: Warning (2): Invalid argument supplied for foreach() in [E:\htdocs\2016\payu-airline\src\Controller\Admin\UsersController.php, line 106]
Request URL: /2016/payu-airline/admin
Referer URL: http://localhost/2016/payu-airline/admin?page=2
Trace:
Cake\Error\BaseErrorHandler::handleError() - CORE\src\Error\BaseErrorHandler.php, line 146
App\Controller\Admin\UsersController::_mapCard() - APP/Controller\Admin\UsersController.php, line 106
App\Controller\Admin\UsersController::dashboard() - APP/Controller\Admin\UsersController.php, line 100
Cake\Controller\Controller::invokeAction() - CORE\src\Controller\Controller.php, line 435
Cake\Http\ActionDispatcher::_invoke() - CORE\src\Http\ActionDispatcher.php, line 122
Cake\Http\ActionDispatcher::dispatch() - CORE\src\Http\ActionDispatcher.php, line 96
Cake\Routing\Dispatcher::dispatch() - CORE\src\Routing\Dispatcher.php, line 60
[main] - ROOT\webroot\index.php, line 37



2016-12-19 12:00:40 Warning: Headers already sent in E:\htdocs\2016\payu-airline\vendor\cakephp\cakephp\src\Error\Debugger.php:753
2016-12-19 12:02:08 Error: [Cake\Network\Exception\NotFoundException] Not Found
Request URL: /2016/payu-airline/admin?page=3
Referer URL: http://localhost/2016/payu-airline/admin?page=2
Stack Trace:
#0 E:\htdocs\2016\payu-airline\src\Controller\Admin\UsersController.php(77): Cake\Controller\Component\PaginatorComponent->paginate(Object(Cake\ORM\Query), Array)
#1 [internal function]: App\Controller\Admin\UsersController->dashboard()
#2 E:\htdocs\2016\payu-airline\vendor\cakephp\cakephp\src\Controller\Controller.php(435): call_user_func_array(Array, Array)
#3 E:\htdocs\2016\payu-airline\vendor\cakephp\cakephp\src\Http\ActionDispatcher.php(122): Cake\Controller\Controller->invokeAction()
#4 E:\htdocs\2016\payu-airline\vendor\cakephp\cakephp\src\Http\ActionDispatcher.php(96): Cake\Http\ActionDispatcher->_invoke(Object(App\Controller\Admin\UsersController))
#5 E:\htdocs\2016\payu-airline\vendor\cakephp\cakephp\src\Routing\Dispatcher.php(60): Cake\Http\ActionDispatcher->dispatch(Object(Cake\Network\Request), Object(Cake\Network\Response))
#6 E:\htdocs\2016\payu-airline\webroot\index.php(37): Cake\Routing\Dispatcher->dispatch(Object(Cake\Network\Request), Object(Cake\Network\Response))
#7 {main}


2016-12-20 07:57:34 Error: Fatal Error (1): Call to a member function execute() on null in [E:\htdocs\2016\payu-airline\src\Controller\UsersController.php, line 487]
Request URL: /2016/payu-airline/users/payment
Referer URL: http://localhost/2016/payu-airline/recharge
Trace:
Cake\Error\BaseErrorHandler::handleFatalError() - CORE\src\Error\BaseErrorHandler.php, line 216
Cake\Error\BaseErrorHandler::Cake\Error\{closure}() - CORE\src\Error\BaseErrorHandler.php, line 98
[main] - [internal], line ??



2016-12-20 07:57:35 Warning: Headers already sent in E:\htdocs\2016\payu-airline\vendor\cakephp\cakephp\src\Error\Debugger.php:753
2016-12-20 07:57:35 Error: [Cake\Error\FatalErrorException] Call to a member function execute() on null
Request URL: /2016/payu-airline/users/payment
Referer URL: http://localhost/2016/payu-airline/recharge
Stack Trace:
#0 E:\htdocs\2016\payu-airline\vendor\cakephp\cakephp\src\Error\BaseErrorHandler.php(98): Cake\Error\BaseErrorHandler->handleFatalError(1, 'Call to a membe...', 'E:\\htdocs\\2016\\...', 487)
#1 [internal function]: Cake\Error\BaseErrorHandler->Cake\Error\{closure}()
#2 {main}


2016-12-26 05:04:41 Error: [Exception] Could not resolve host: test.payu.in
Request URL: /2016/payu-airline/recharge
Stack Trace:
#0 [internal function]: App\Controller\UsersController->cardRegister()
#1 E:\htdocs\2016\payu-airline\vendor\cakephp\cakephp\src\Controller\Controller.php(435): call_user_func_array(Array, Array)
#2 E:\htdocs\2016\payu-airline\vendor\cakephp\cakephp\src\Http\ActionDispatcher.php(122): Cake\Controller\Controller->invokeAction()
#3 E:\htdocs\2016\payu-airline\vendor\cakephp\cakephp\src\Http\ActionDispatcher.php(96): Cake\Http\ActionDispatcher->_invoke(Object(App\Controller\UsersController))
#4 E:\htdocs\2016\payu-airline\vendor\cakephp\cakephp\src\Routing\Dispatcher.php(60): Cake\Http\ActionDispatcher->dispatch(Object(Cake\Network\Request), Object(Cake\Network\Response))
#5 E:\htdocs\2016\payu-airline\webroot\index.php(37): Cake\Routing\Dispatcher->dispatch(Object(Cake\Network\Request), Object(Cake\Network\Response))
#6 {main}


2016-12-26 05:04:58 Error: [Exception] Could not resolve host: test.payu.in
Request URL: /2016/payu-airline/recharge
Stack Trace:
#0 [internal function]: App\Controller\UsersController->cardRegister()
#1 E:\htdocs\2016\payu-airline\vendor\cakephp\cakephp\src\Controller\Controller.php(435): call_user_func_array(Array, Array)
#2 E:\htdocs\2016\payu-airline\vendor\cakephp\cakephp\src\Http\ActionDispatcher.php(122): Cake\Controller\Controller->invokeAction()
#3 E:\htdocs\2016\payu-airline\vendor\cakephp\cakephp\src\Http\ActionDispatcher.php(96): Cake\Http\ActionDispatcher->_invoke(Object(App\Controller\UsersController))
#4 E:\htdocs\2016\payu-airline\vendor\cakephp\cakephp\src\Routing\Dispatcher.php(60): Cake\Http\ActionDispatcher->dispatch(Object(Cake\Network\Request), Object(Cake\Network\Response))
#5 E:\htdocs\2016\payu-airline\webroot\index.php(37): Cake\Routing\Dispatcher->dispatch(Object(Cake\Network\Request), Object(Cake\Network\Response))
#6 {main}


2016-12-26 05:05:47 Warning: Warning (2): Invalid argument supplied for foreach() in [E:\htdocs\2016\payu-airline\src\Controller\Admin\UsersController.php, line 106]
Request URL: /2016/payu-airline/admin
Referer URL: http://localhost/2016/payu-airline/login
Trace:
Cake\Error\BaseErrorHandler::handleError() - CORE\src\Error\BaseErrorHandler.php, line 146
App\Controller\Admin\UsersController::_mapCard() - APP/Controller\Admin\UsersController.php, line 106
App\Controller\Admin\UsersController::dashboard() - APP/Controller\Admin\UsersController.php, line 100
Cake\Controller\Controller::invokeAction() - CORE\src\Controller\Controller.php, line 435
Cake\Http\ActionDispatcher::_invoke() - CORE\src\Http\ActionDispatcher.php, line 122
Cake\Http\ActionDispatcher::dispatch() - CORE\src\Http\ActionDispatcher.php, line 96
Cake\Routing\Dispatcher::dispatch() - CORE\src\Routing\Dispatcher.php, line 60
[main] - ROOT\webroot\index.php, line 37



2016-12-26 05:05:48 Warning: Headers already sent in E:\htdocs\2016\payu-airline\vendor\cakephp\cakephp\src\Error\Debugger.php:753
2016-12-26 05:06:03 Warning: Warning (2): Invalid argument supplied for foreach() in [E:\htdocs\2016\payu-airline\src\Controller\Admin\UsersController.php, line 106]
Request URL: /2016/payu-airline/admin
Referer URL: http://localhost/2016/payu-airline/admin/users/transactions?page=3
Trace:
Cake\Error\BaseErrorHandler::handleError() - CORE\src\Error\BaseErrorHandler.php, line 146
App\Controller\Admin\UsersController::_mapCard() - APP/Controller\Admin\UsersController.php, line 106
App\Controller\Admin\UsersController::dashboard() - APP/Controller\Admin\UsersController.php, line 100
Cake\Controller\Controller::invokeAction() - CORE\src\Controller\Controller.php, line 435
Cake\Http\ActionDispatcher::_invoke() - CORE\src\Http\ActionDispatcher.php, line 122
Cake\Http\ActionDispatcher::dispatch() - CORE\src\Http\ActionDispatcher.php, line 96
Cake\Routing\Dispatcher::dispatch() - CORE\src\Routing\Dispatcher.php, line 60
[main] - ROOT\webroot\index.php, line 37



2016-12-26 05:06:03 Warning: Headers already sent in E:\htdocs\2016\payu-airline\vendor\cakephp\cakephp\src\Error\Debugger.php:753
2016-12-26 05:06:55 Warning: Warning (2): Invalid argument supplied for foreach() in [E:\htdocs\2016\payu-airline\src\Controller\Admin\UsersController.php, line 106]
Request URL: /2016/payu-airline/admin
Trace:
Cake\Error\BaseErrorHandler::handleError() - CORE\src\Error\BaseErrorHandler.php, line 146
App\Controller\Admin\UsersController::_mapCard() - APP/Controller\Admin\UsersController.php, line 106
App\Controller\Admin\UsersController::dashboard() - APP/Controller\Admin\UsersController.php, line 100
Cake\Controller\Controller::invokeAction() - CORE\src\Controller\Controller.php, line 435
Cake\Http\ActionDispatcher::_invoke() - CORE\src\Http\ActionDispatcher.php, line 122
Cake\Http\ActionDispatcher::dispatch() - CORE\src\Http\ActionDispatcher.php, line 96
Cake\Routing\Dispatcher::dispatch() - CORE\src\Routing\Dispatcher.php, line 60
[main] - ROOT\webroot\index.php, line 37



2016-12-26 05:06:55 Warning: Warning (2): Invalid argument supplied for foreach() in [E:\htdocs\2016\payu-airline\src\Controller\Admin\UsersController.php, line 106]
Request URL: /2016/payu-airline/admin
Trace:
Cake\Error\BaseErrorHandler::handleError() - CORE\src\Error\BaseErrorHandler.php, line 146
App\Controller\Admin\UsersController::_mapCard() - APP/Controller\Admin\UsersController.php, line 106
App\Controller\Admin\UsersController::dashboard() - APP/Controller\Admin\UsersController.php, line 100
Cake\Controller\Controller::invokeAction() - CORE\src\Controller\Controller.php, line 435
Cake\Http\ActionDispatcher::_invoke() - CORE\src\Http\ActionDispatcher.php, line 122
Cake\Http\ActionDispatcher::dispatch() - CORE\src\Http\ActionDispatcher.php, line 96
Cake\Routing\Dispatcher::dispatch() - CORE\src\Routing\Dispatcher.php, line 60
[main] - ROOT\webroot\index.php, line 37



2016-12-26 05:06:55 Warning: Warning (2): Invalid argument supplied for foreach() in [E:\htdocs\2016\payu-airline\src\Controller\Admin\UsersController.php, line 106]
Request URL: /2016/payu-airline/admin
Trace:
Cake\Error\BaseErrorHandler::handleError() - CORE\src\Error\BaseErrorHandler.php, line 146
App\Controller\Admin\UsersController::_mapCard() - APP/Controller\Admin\UsersController.php, line 106
App\Controller\Admin\UsersController::dashboard() - APP/Controller\Admin\UsersController.php, line 100
Cake\Controller\Controller::invokeAction() - CORE\src\Controller\Controller.php, line 435
Cake\Http\ActionDispatcher::_invoke() - CORE\src\Http\ActionDispatcher.php, line 122
Cake\Http\ActionDispatcher::dispatch() - CORE\src\Http\ActionDispatcher.php, line 96
Cake\Routing\Dispatcher::dispatch() - CORE\src\Routing\Dispatcher.php, line 60
[main] - ROOT\webroot\index.php, line 37



2016-12-26 05:06:55 Warning: Warning (2): Invalid argument supplied for foreach() in [E:\htdocs\2016\payu-airline\src\Controller\Admin\UsersController.php, line 106]
Request URL: /2016/payu-airline/admin
Trace:
Cake\Error\BaseErrorHandler::handleError() - CORE\src\Error\BaseErrorHandler.php, line 146
App\Controller\Admin\UsersController::_mapCard() - APP/Controller\Admin\UsersController.php, line 106
App\Controller\Admin\UsersController::dashboard() - APP/Controller\Admin\UsersController.php, line 100
Cake\Controller\Controller::invokeAction() - CORE\src\Controller\Controller.php, line 435
Cake\Http\ActionDispatcher::_invoke() - CORE\src\Http\ActionDispatcher.php, line 122
Cake\Http\ActionDispatcher::dispatch() - CORE\src\Http\ActionDispatcher.php, line 96
Cake\Routing\Dispatcher::dispatch() - CORE\src\Routing\Dispatcher.php, line 60
[main] - ROOT\webroot\index.php, line 37



2016-12-26 05:06:55 Warning: Warning (2): Invalid argument supplied for foreach() in [E:\htdocs\2016\payu-airline\src\Controller\Admin\UsersController.php, line 106]
Request URL: /2016/payu-airline/admin
Trace:
Cake\Error\BaseErrorHandler::handleError() - CORE\src\Error\BaseErrorHandler.php, line 146
App\Controller\Admin\UsersController::_mapCard() - APP/Controller\Admin\UsersController.php, line 106
App\Controller\Admin\UsersController::dashboard() - APP/Controller\Admin\UsersController.php, line 100
Cake\Controller\Controller::invokeAction() - CORE\src\Controller\Controller.php, line 435
Cake\Http\ActionDispatcher::_invoke() - CORE\src\Http\ActionDispatcher.php, line 122
Cake\Http\ActionDispatcher::dispatch() - CORE\src\Http\ActionDispatcher.php, line 96
Cake\Routing\Dispatcher::dispatch() - CORE\src\Routing\Dispatcher.php, line 60
[main] - ROOT\webroot\index.php, line 37



2016-12-26 05:06:55 Warning: Warning (2): Invalid argument supplied for foreach() in [E:\htdocs\2016\payu-airline\src\Controller\Admin\UsersController.php, line 106]
Request URL: /2016/payu-airline/admin
Trace:
Cake\Error\BaseErrorHandler::handleError() - CORE\src\Error\BaseErrorHandler.php, line 146
App\Controller\Admin\UsersController::_mapCard() - APP/Controller\Admin\UsersController.php, line 106
App\Controller\Admin\UsersController::dashboard() - APP/Controller\Admin\UsersController.php, line 100
Cake\Controller\Controller::invokeAction() - CORE\src\Controller\Controller.php, line 435
Cake\Http\ActionDispatcher::_invoke() - CORE\src\Http\ActionDispatcher.php, line 122
Cake\Http\ActionDispatcher::dispatch() - CORE\src\Http\ActionDispatcher.php, line 96
Cake\Routing\Dispatcher::dispatch() - CORE\src\Routing\Dispatcher.php, line 60
[main] - ROOT\webroot\index.php, line 37



2016-12-26 05:06:55 Warning: Warning (2): Invalid argument supplied for foreach() in [E:\htdocs\2016\payu-airline\src\Controller\Admin\UsersController.php, line 106]
Request URL: /2016/payu-airline/admin
Trace:
Cake\Error\BaseErrorHandler::handleError() - CORE\src\Error\BaseErrorHandler.php, line 146
App\Controller\Admin\UsersController::_mapCard() - APP/Controller\Admin\UsersController.php, line 106
App\Controller\Admin\UsersController::dashboard() - APP/Controller\Admin\UsersController.php, line 100
Cake\Controller\Controller::invokeAction() - CORE\src\Controller\Controller.php, line 435
Cake\Http\ActionDispatcher::_invoke() - CORE\src\Http\ActionDispatcher.php, line 122
Cake\Http\ActionDispatcher::dispatch() - CORE\src\Http\ActionDispatcher.php, line 96
Cake\Routing\Dispatcher::dispatch() - CORE\src\Routing\Dispatcher.php, line 60
[main] - ROOT\webroot\index.php, line 37



2016-12-26 05:06:55 Warning: Warning (2): Invalid argument supplied for foreach() in [E:\htdocs\2016\payu-airline\src\Controller\Admin\UsersController.php, line 106]
Request URL: /2016/payu-airline/admin
Trace:
Cake\Error\BaseErrorHandler::handleError() - CORE\src\Error\BaseErrorHandler.php, line 146
App\Controller\Admin\UsersController::_mapCard() - APP/Controller\Admin\UsersController.php, line 106
App\Controller\Admin\UsersController::dashboard() - APP/Controller\Admin\UsersController.php, line 100
Cake\Controller\Controller::invokeAction() - CORE\src\Controller\Controller.php, line 435
Cake\Http\ActionDispatcher::_invoke() - CORE\src\Http\ActionDispatcher.php, line 122
Cake\Http\ActionDispatcher::dispatch() - CORE\src\Http\ActionDispatcher.php, line 96
Cake\Routing\Dispatcher::dispatch() - CORE\src\Routing\Dispatcher.php, line 60
[main] - ROOT\webroot\index.php, line 37



2016-12-26 05:06:55 Warning: Warning (2): Invalid argument supplied for foreach() in [E:\htdocs\2016\payu-airline\src\Controller\Admin\UsersController.php, line 106]
Request URL: /2016/payu-airline/admin
Trace:
Cake\Error\BaseErrorHandler::handleError() - CORE\src\Error\BaseErrorHandler.php, line 146
App\Controller\Admin\UsersController::_mapCard() - APP/Controller\Admin\UsersController.php, line 106
App\Controller\Admin\UsersController::dashboard() - APP/Controller\Admin\UsersController.php, line 100
Cake\Controller\Controller::invokeAction() - CORE\src\Controller\Controller.php, line 435
Cake\Http\ActionDispatcher::_invoke() - CORE\src\Http\ActionDispatcher.php, line 122
Cake\Http\ActionDispatcher::dispatch() - CORE\src\Http\ActionDispatcher.php, line 96
Cake\Routing\Dispatcher::dispatch() - CORE\src\Routing\Dispatcher.php, line 60
[main] - ROOT\webroot\index.php, line 37



2016-12-26 05:06:55 Warning: Warning (2): Invalid argument supplied for foreach() in [E:\htdocs\2016\payu-airline\src\Controller\Admin\UsersController.php, line 106]
Request URL: /2016/payu-airline/admin
Trace:
Cake\Error\BaseErrorHandler::handleError() - CORE\src\Error\BaseErrorHandler.php, line 146
App\Controller\Admin\UsersController::_mapCard() - APP/Controller\Admin\UsersController.php, line 106
App\Controller\Admin\UsersController::dashboard() - APP/Controller\Admin\UsersController.php, line 100
Cake\Controller\Controller::invokeAction() - CORE\src\Controller\Controller.php, line 435
Cake\Http\ActionDispatcher::_invoke() - CORE\src\Http\ActionDispatcher.php, line 122
Cake\Http\ActionDispatcher::dispatch() - CORE\src\Http\ActionDispatcher.php, line 96
Cake\Routing\Dispatcher::dispatch() - CORE\src\Routing\Dispatcher.php, line 60
[main] - ROOT\webroot\index.php, line 37



2016-12-26 05:06:55 Warning: Warning (2): Invalid argument supplied for foreach() in [E:\htdocs\2016\payu-airline\src\Controller\Admin\UsersController.php, line 106]
Request URL: /2016/payu-airline/admin
Trace:
Cake\Error\BaseErrorHandler::handleError() - CORE\src\Error\BaseErrorHandler.php, line 146
App\Controller\Admin\UsersController::_mapCard() - APP/Controller\Admin\UsersController.php, line 106
App\Controller\Admin\UsersController::dashboard() - APP/Controller\Admin\UsersController.php, line 100
Cake\Controller\Controller::invokeAction() - CORE\src\Controller\Controller.php, line 435
Cake\Http\ActionDispatcher::_invoke() - CORE\src\Http\ActionDispatcher.php, line 122
Cake\Http\ActionDispatcher::dispatch() - CORE\src\Http\ActionDispatcher.php, line 96
Cake\Routing\Dispatcher::dispatch() - CORE\src\Routing\Dispatcher.php, line 60
[main] - ROOT\webroot\index.php, line 37



2016-12-26 05:06:55 Warning: Warning (2): Invalid argument supplied for foreach() in [E:\htdocs\2016\payu-airline\src\Controller\Admin\UsersController.php, line 106]
Request URL: /2016/payu-airline/admin
Trace:
Cake\Error\BaseErrorHandler::handleError() - CORE\src\Error\BaseErrorHandler.php, line 146
App\Controller\Admin\UsersController::_mapCard() - APP/Controller\Admin\UsersController.php, line 106
App\Controller\Admin\UsersController::dashboard() - APP/Controller\Admin\UsersController.php, line 100
Cake\Controller\Controller::invokeAction() - CORE\src\Controller\Controller.php, line 435
Cake\Http\ActionDispatcher::_invoke() - CORE\src\Http\ActionDispatcher.php, line 122
Cake\Http\ActionDispatcher::dispatch() - CORE\src\Http\ActionDispatcher.php, line 96
Cake\Routing\Dispatcher::dispatch() - CORE\src\Routing\Dispatcher.php, line 60
[main] - ROOT\webroot\index.php, line 37



2016-12-26 05:06:55 Warning: Warning (2): Invalid argument supplied for foreach() in [E:\htdocs\2016\payu-airline\src\Controller\Admin\UsersController.php, line 106]
Request URL: /2016/payu-airline/admin
Trace:
Cake\Error\BaseErrorHandler::handleError() - CORE\src\Error\BaseErrorHandler.php, line 146
App\Controller\Admin\UsersController::_mapCard() - APP/Controller\Admin\UsersController.php, line 106
App\Controller\Admin\UsersController::dashboard() - APP/Controller\Admin\UsersController.php, line 100
Cake\Controller\Controller::invokeAction() - CORE\src\Controller\Controller.php, line 435
Cake\Http\ActionDispatcher::_invoke() - CORE\src\Http\ActionDispatcher.php, line 122
Cake\Http\ActionDispatcher::dispatch() - CORE\src\Http\ActionDispatcher.php, line 96
Cake\Routing\Dispatcher::dispatch() - CORE\src\Routing\Dispatcher.php, line 60
[main] - ROOT\webroot\index.php, line 37



2016-12-26 05:06:55 Warning: Warning (2): Invalid argument supplied for foreach() in [E:\htdocs\2016\payu-airline\src\Controller\Admin\UsersController.php, line 106]
Request URL: /2016/payu-airline/admin
Trace:
Cake\Error\BaseErrorHandler::handleError() - CORE\src\Error\BaseErrorHandler.php, line 146
App\Controller\Admin\UsersController::_mapCard() - APP/Controller\Admin\UsersController.php, line 106
App\Controller\Admin\UsersController::dashboard() - APP/Controller\Admin\UsersController.php, line 100
Cake\Controller\Controller::invokeAction() - CORE\src\Controller\Controller.php, line 435
Cake\Http\ActionDispatcher::_invoke() - CORE\src\Http\ActionDispatcher.php, line 122
Cake\Http\ActionDispatcher::dispatch() - CORE\src\Http\ActionDispatcher.php, line 96
Cake\Routing\Dispatcher::dispatch() - CORE\src\Routing\Dispatcher.php, line 60
[main] - ROOT\webroot\index.php, line 37



2016-12-26 05:06:57 Warning: Warning (2): Invalid argument supplied for foreach() in [E:\htdocs\2016\payu-airline\src\Controller\Admin\UsersController.php, line 106]
Request URL: /2016/payu-airline/admin
Trace:
Cake\Error\BaseErrorHandler::handleError() - CORE\src\Error\BaseErrorHandler.php, line 146
App\Controller\Admin\UsersController::_mapCard() - APP/Controller\Admin\UsersController.php, line 106
App\Controller\Admin\UsersController::dashboard() - APP/Controller\Admin\UsersController.php, line 100
Cake\Controller\Controller::invokeAction() - CORE\src\Controller\Controller.php, line 435
Cake\Http\ActionDispatcher::_invoke() - CORE\src\Http\ActionDispatcher.php, line 122
Cake\Http\ActionDispatcher::dispatch() - CORE\src\Http\ActionDispatcher.php, line 96
Cake\Routing\Dispatcher::dispatch() - CORE\src\Routing\Dispatcher.php, line 60
[main] - ROOT\webroot\index.php, line 37



2016-12-26 05:06:57 Warning: Warning (2): Invalid argument supplied for foreach() in [E:\htdocs\2016\payu-airline\src\Controller\Admin\UsersController.php, line 106]
Request URL: /2016/payu-airline/admin
Trace:
Cake\Error\BaseErrorHandler::handleError() - CORE\src\Error\BaseErrorHandler.php, line 146
App\Controller\Admin\UsersController::_mapCard() - APP/Controller\Admin\UsersController.php, line 106
App\Controller\Admin\UsersController::dashboard() - APP/Controller\Admin\UsersController.php, line 100
Cake\Controller\Controller::invokeAction() - CORE\src\Controller\Controller.php, line 435
Cake\Http\ActionDispatcher::_invoke() - CORE\src\Http\ActionDispatcher.php, line 122
Cake\Http\ActionDispatcher::dispatch() - CORE\src\Http\ActionDispatcher.php, line 96
Cake\Routing\Dispatcher::dispatch() - CORE\src\Routing\Dispatcher.php, line 60
[main] - ROOT\webroot\index.php, line 37



2016-12-26 05:06:57 Warning: Warning (2): Invalid argument supplied for foreach() in [E:\htdocs\2016\payu-airline\src\Controller\Admin\UsersController.php, line 106]
Request URL: /2016/payu-airline/admin
Trace:
Cake\Error\BaseErrorHandler::handleError() - CORE\src\Error\BaseErrorHandler.php, line 146
App\Controller\Admin\UsersController::_mapCard() - APP/Controller\Admin\UsersController.php, line 106
App\Controller\Admin\UsersController::dashboard() - APP/Controller\Admin\UsersController.php, line 100
Cake\Controller\Controller::invokeAction() - CORE\src\Controller\Controller.php, line 435
Cake\Http\ActionDispatcher::_invoke() - CORE\src\Http\ActionDispatcher.php, line 122
Cake\Http\ActionDispatcher::dispatch() - CORE\src\Http\ActionDispatcher.php, line 96
Cake\Routing\Dispatcher::dispatch() - CORE\src\Routing\Dispatcher.php, line 60
[main] - ROOT\webroot\index.php, line 37



2016-12-26 05:06:57 Warning: Warning (2): Invalid argument supplied for foreach() in [E:\htdocs\2016\payu-airline\src\Controller\Admin\UsersController.php, line 106]
Request URL: /2016/payu-airline/admin
Trace:
Cake\Error\BaseErrorHandler::handleError() - CORE\src\Error\BaseErrorHandler.php, line 146
App\Controller\Admin\UsersController::_mapCard() - APP/Controller\Admin\UsersController.php, line 106
App\Controller\Admin\UsersController::dashboard() - APP/Controller\Admin\UsersController.php, line 100
Cake\Controller\Controller::invokeAction() - CORE\src\Controller\Controller.php, line 435
Cake\Http\ActionDispatcher::_invoke() - CORE\src\Http\ActionDispatcher.php, line 122
Cake\Http\ActionDispatcher::dispatch() - CORE\src\Http\ActionDispatcher.php, line 96
Cake\Routing\Dispatcher::dispatch() - CORE\src\Routing\Dispatcher.php, line 60
[main] - ROOT\webroot\index.php, line 37



2016-12-26 05:06:57 Warning: Warning (2): Invalid argument supplied for foreach() in [E:\htdocs\2016\payu-airline\src\Controller\Admin\UsersController.php, line 106]
Request URL: /2016/payu-airline/admin
Trace:
Cake\Error\BaseErrorHandler::handleError() - CORE\src\Error\BaseErrorHandler.php, line 146
App\Controller\Admin\UsersController::_mapCard() - APP/Controller\Admin\UsersController.php, line 106
App\Controller\Admin\UsersController::dashboard() - APP/Controller\Admin\UsersController.php, line 100
Cake\Controller\Controller::invokeAction() - CORE\src\Controller\Controller.php, line 435
Cake\Http\ActionDispatcher::_invoke() - CORE\src\Http\ActionDispatcher.php, line 122
Cake\Http\ActionDispatcher::dispatch() - CORE\src\Http\ActionDispatcher.php, line 96
Cake\Routing\Dispatcher::dispatch() - CORE\src\Routing\Dispatcher.php, line 60
[main] - ROOT\webroot\index.php, line 37



2016-12-26 05:06:57 Warning: Warning (2): Invalid argument supplied for foreach() in [E:\htdocs\2016\payu-airline\src\Controller\Admin\UsersController.php, line 106]
Request URL: /2016/payu-airline/admin
Trace:
Cake\Error\BaseErrorHandler::handleError() - CORE\src\Error\BaseErrorHandler.php, line 146
App\Controller\Admin\UsersController::_mapCard() - APP/Controller\Admin\UsersController.php, line 106
App\Controller\Admin\UsersController::dashboard() - APP/Controller\Admin\UsersController.php, line 100
Cake\Controller\Controller::invokeAction() - CORE\src\Controller\Controller.php, line 435
Cake\Http\ActionDispatcher::_invoke() - CORE\src\Http\ActionDispatcher.php, line 122
Cake\Http\ActionDispatcher::dispatch() - CORE\src\Http\ActionDispatcher.php, line 96
Cake\Routing\Dispatcher::dispatch() - CORE\src\Routing\Dispatcher.php, line 60
[main] - ROOT\webroot\index.php, line 37



2016-12-26 05:06:57 Warning: Warning (2): Invalid argument supplied for foreach() in [E:\htdocs\2016\payu-airline\src\Controller\Admin\UsersController.php, line 106]
Request URL: /2016/payu-airline/admin
Trace:
Cake\Error\BaseErrorHandler::handleError() - CORE\src\Error\BaseErrorHandler.php, line 146
App\Controller\Admin\UsersController::_mapCard() - APP/Controller\Admin\UsersController.php, line 106
App\Controller\Admin\UsersController::dashboard() - APP/Controller\Admin\UsersController.php, line 100
Cake\Controller\Controller::invokeAction() - CORE\src\Controller\Controller.php, line 435
Cake\Http\ActionDispatcher::_invoke() - CORE\src\Http\ActionDispatcher.php, line 122
Cake\Http\ActionDispatcher::dispatch() - CORE\src\Http\ActionDispatcher.php, line 96
Cake\Routing\Dispatcher::dispatch() - CORE\src\Routing\Dispatcher.php, line 60
[main] - ROOT\webroot\index.php, line 37



2016-12-26 05:06:57 Warning: Warning (2): Invalid argument supplied for foreach() in [E:\htdocs\2016\payu-airline\src\Controller\Admin\UsersController.php, line 106]
Request URL: /2016/payu-airline/admin
Trace:
Cake\Error\BaseErrorHandler::handleError() - CORE\src\Error\BaseErrorHandler.php, line 146
App\Controller\Admin\UsersController::_mapCard() - APP/Controller\Admin\UsersController.php, line 106
App\Controller\Admin\UsersController::dashboard() - APP/Controller\Admin\UsersController.php, line 100
Cake\Controller\Controller::invokeAction() - CORE\src\Controller\Controller.php, line 435
Cake\Http\ActionDispatcher::_invoke() - CORE\src\Http\ActionDispatcher.php, line 122
Cake\Http\ActionDispatcher::dispatch() - CORE\src\Http\ActionDispatcher.php, line 96
Cake\Routing\Dispatcher::dispatch() - CORE\src\Routing\Dispatcher.php, line 60
[main] - ROOT\webroot\index.php, line 37



2016-12-26 05:06:57 Warning: Warning (2): Invalid argument supplied for foreach() in [E:\htdocs\2016\payu-airline\src\Controller\Admin\UsersController.php, line 106]
Request URL: /2016/payu-airline/admin
Trace:
Cake\Error\BaseErrorHandler::handleError() - CORE\src\Error\BaseErrorHandler.php, line 146
App\Controller\Admin\UsersController::_mapCard() - APP/Controller\Admin\UsersController.php, line 106
App\Controller\Admin\UsersController::dashboard() - APP/Controller\Admin\UsersController.php, line 100
Cake\Controller\Controller::invokeAction() - CORE\src\Controller\Controller.php, line 435
Cake\Http\ActionDispatcher::_invoke() - CORE\src\Http\ActionDispatcher.php, line 122
Cake\Http\ActionDispatcher::dispatch() - CORE\src\Http\ActionDispatcher.php, line 96
Cake\Routing\Dispatcher::dispatch() - CORE\src\Routing\Dispatcher.php, line 60
[main] - ROOT\webroot\index.php, line 37



2016-12-26 05:06:57 Warning: Warning (2): Invalid argument supplied for foreach() in [E:\htdocs\2016\payu-airline\src\Controller\Admin\UsersController.php, line 106]
Request URL: /2016/payu-airline/admin
Trace:
Cake\Error\BaseErrorHandler::handleError() - CORE\src\Error\BaseErrorHandler.php, line 146
App\Controller\Admin\UsersController::_mapCard() - APP/Controller\Admin\UsersController.php, line 106
App\Controller\Admin\UsersController::dashboard() - APP/Controller\Admin\UsersController.php, line 100
Cake\Controller\Controller::invokeAction() - CORE\src\Controller\Controller.php, line 435
Cake\Http\ActionDispatcher::_invoke() - CORE\src\Http\ActionDispatcher.php, line 122
Cake\Http\ActionDispatcher::dispatch() - CORE\src\Http\ActionDispatcher.php, line 96
Cake\Routing\Dispatcher::dispatch() - CORE\src\Routing\Dispatcher.php, line 60
[main] - ROOT\webroot\index.php, line 37



2016-12-26 05:06:57 Warning: Warning (2): Invalid argument supplied for foreach() in [E:\htdocs\2016\payu-airline\src\Controller\Admin\UsersController.php, line 106]
Request URL: /2016/payu-airline/admin
Trace:
Cake\Error\BaseErrorHandler::handleError() - CORE\src\Error\BaseErrorHandler.php, line 146
App\Controller\Admin\UsersController::_mapCard() - APP/Controller\Admin\UsersController.php, line 106
App\Controller\Admin\UsersController::dashboard() - APP/Controller\Admin\UsersController.php, line 100
Cake\Controller\Controller::invokeAction() - CORE\src\Controller\Controller.php, line 435
Cake\Http\ActionDispatcher::_invoke() - CORE\src\Http\ActionDispatcher.php, line 122
Cake\Http\ActionDispatcher::dispatch() - CORE\src\Http\ActionDispatcher.php, line 96
Cake\Routing\Dispatcher::dispatch() - CORE\src\Routing\Dispatcher.php, line 60
[main] - ROOT\webroot\index.php, line 37



2016-12-26 05:06:57 Warning: Warning (2): Invalid argument supplied for foreach() in [E:\htdocs\2016\payu-airline\src\Controller\Admin\UsersController.php, line 106]
Request URL: /2016/payu-airline/admin
Trace:
Cake\Error\BaseErrorHandler::handleError() - CORE\src\Error\BaseErrorHandler.php, line 146
App\Controller\Admin\UsersController::_mapCard() - APP/Controller\Admin\UsersController.php, line 106
App\Controller\Admin\UsersController::dashboard() - APP/Controller\Admin\UsersController.php, line 100
Cake\Controller\Controller::invokeAction() - CORE\src\Controller\Controller.php, line 435
Cake\Http\ActionDispatcher::_invoke() - CORE\src\Http\ActionDispatcher.php, line 122
Cake\Http\ActionDispatcher::dispatch() - CORE\src\Http\ActionDispatcher.php, line 96
Cake\Routing\Dispatcher::dispatch() - CORE\src\Routing\Dispatcher.php, line 60
[main] - ROOT\webroot\index.php, line 37



2016-12-26 05:06:57 Warning: Warning (2): Invalid argument supplied for foreach() in [E:\htdocs\2016\payu-airline\src\Controller\Admin\UsersController.php, line 106]
Request URL: /2016/payu-airline/admin
Trace:
Cake\Error\BaseErrorHandler::handleError() - CORE\src\Error\BaseErrorHandler.php, line 146
App\Controller\Admin\UsersController::_mapCard() - APP/Controller\Admin\UsersController.php, line 106
App\Controller\Admin\UsersController::dashboard() - APP/Controller\Admin\UsersController.php, line 100
Cake\Controller\Controller::invokeAction() - CORE\src\Controller\Controller.php, line 435
Cake\Http\ActionDispatcher::_invoke() - CORE\src\Http\ActionDispatcher.php, line 122
Cake\Http\ActionDispatcher::dispatch() - CORE\src\Http\ActionDispatcher.php, line 96
Cake\Routing\Dispatcher::dispatch() - CORE\src\Routing\Dispatcher.php, line 60
[main] - ROOT\webroot\index.php, line 37



2016-12-26 05:06:57 Warning: Warning (2): Invalid argument supplied for foreach() in [E:\htdocs\2016\payu-airline\src\Controller\Admin\UsersController.php, line 106]
Request URL: /2016/payu-airline/admin
Trace:
Cake\Error\BaseErrorHandler::handleError() - CORE\src\Error\BaseErrorHandler.php, line 146
App\Controller\Admin\UsersController::_mapCard() - APP/Controller\Admin\UsersController.php, line 106
App\Controller\Admin\UsersController::dashboard() - APP/Controller\Admin\UsersController.php, line 100
Cake\Controller\Controller::invokeAction() - CORE\src\Controller\Controller.php, line 435
Cake\Http\ActionDispatcher::_invoke() - CORE\src\Http\ActionDispatcher.php, line 122
Cake\Http\ActionDispatcher::dispatch() - CORE\src\Http\ActionDispatcher.php, line 96
Cake\Routing\Dispatcher::dispatch() - CORE\src\Routing\Dispatcher.php, line 60
[main] - ROOT\webroot\index.php, line 37



2016-12-26 05:07:47 Warning: Warning (2): Invalid argument supplied for foreach() in [E:\htdocs\2016\payu-airline\src\Controller\Admin\UsersController.php, line 106]
Request URL: /2016/payu-airline/admin
Trace:
Cake\Error\BaseErrorHandler::handleError() - CORE\src\Error\BaseErrorHandler.php, line 146
App\Controller\Admin\UsersController::_mapCard() - APP/Controller\Admin\UsersController.php, line 106
App\Controller\Admin\UsersController::dashboard() - APP/Controller\Admin\UsersController.php, line 100
Cake\Controller\Controller::invokeAction() - CORE\src\Controller\Controller.php, line 435
Cake\Http\ActionDispatcher::_invoke() - CORE\src\Http\ActionDispatcher.php, line 122
Cake\Http\ActionDispatcher::dispatch() - CORE\src\Http\ActionDispatcher.php, line 96
Cake\Routing\Dispatcher::dispatch() - CORE\src\Routing\Dispatcher.php, line 60
[main] - ROOT\webroot\index.php, line 37



2016-12-26 05:07:47 Warning: Warning (2): Invalid argument supplied for foreach() in [E:\htdocs\2016\payu-airline\src\Controller\Admin\UsersController.php, line 106]
Request URL: /2016/payu-airline/admin
Trace:
Cake\Error\BaseErrorHandler::handleError() - CORE\src\Error\BaseErrorHandler.php, line 146
App\Controller\Admin\UsersController::_mapCard() - APP/Controller\Admin\UsersController.php, line 106
App\Controller\Admin\UsersController::dashboard() - APP/Controller\Admin\UsersController.php, line 100
Cake\Controller\Controller::invokeAction() - CORE\src\Controller\Controller.php, line 435
Cake\Http\ActionDispatcher::_invoke() - CORE\src\Http\ActionDispatcher.php, line 122
Cake\Http\ActionDispatcher::dispatch() - CORE\src\Http\ActionDispatcher.php, line 96
Cake\Routing\Dispatcher::dispatch() - CORE\src\Routing\Dispatcher.php, line 60
[main] - ROOT\webroot\index.php, line 37



2016-12-26 05:07:47 Warning: Warning (2): Invalid argument supplied for foreach() in [E:\htdocs\2016\payu-airline\src\Controller\Admin\UsersController.php, line 106]
Request URL: /2016/payu-airline/admin
Trace:
Cake\Error\BaseErrorHandler::handleError() - CORE\src\Error\BaseErrorHandler.php, line 146
App\Controller\Admin\UsersController::_mapCard() - APP/Controller\Admin\UsersController.php, line 106
App\Controller\Admin\UsersController::dashboard() - APP/Controller\Admin\UsersController.php, line 100
Cake\Controller\Controller::invokeAction() - CORE\src\Controller\Controller.php, line 435
Cake\Http\ActionDispatcher::_invoke() - CORE\src\Http\ActionDispatcher.php, line 122
Cake\Http\ActionDispatcher::dispatch() - CORE\src\Http\ActionDispatcher.php, line 96
Cake\Routing\Dispatcher::dispatch() - CORE\src\Routing\Dispatcher.php, line 60
[main] - ROOT\webroot\index.php, line 37



2016-12-26 05:07:47 Warning: Warning (2): Invalid argument supplied for foreach() in [E:\htdocs\2016\payu-airline\src\Controller\Admin\UsersController.php, line 106]
Request URL: /2016/payu-airline/admin
Trace:
Cake\Error\BaseErrorHandler::handleError() - CORE\src\Error\BaseErrorHandler.php, line 146
App\Controller\Admin\UsersController::_mapCard() - APP/Controller\Admin\UsersController.php, line 106
App\Controller\Admin\UsersController::dashboard() - APP/Controller\Admin\UsersController.php, line 100
Cake\Controller\Controller::invokeAction() - CORE\src\Controller\Controller.php, line 435
Cake\Http\ActionDispatcher::_invoke() - CORE\src\Http\ActionDispatcher.php, line 122
Cake\Http\ActionDispatcher::dispatch() - CORE\src\Http\ActionDispatcher.php, line 96
Cake\Routing\Dispatcher::dispatch() - CORE\src\Routing\Dispatcher.php, line 60
[main] - ROOT\webroot\index.php, line 37



2016-12-26 05:07:47 Warning: Warning (2): Invalid argument supplied for foreach() in [E:\htdocs\2016\payu-airline\src\Controller\Admin\UsersController.php, line 106]
Request URL: /2016/payu-airline/admin
Trace:
Cake\Error\BaseErrorHandler::handleError() - CORE\src\Error\BaseErrorHandler.php, line 146
App\Controller\Admin\UsersController::_mapCard() - APP/Controller\Admin\UsersController.php, line 106
App\Controller\Admin\UsersController::dashboard() - APP/Controller\Admin\UsersController.php, line 100
Cake\Controller\Controller::invokeAction() - CORE\src\Controller\Controller.php, line 435
Cake\Http\ActionDispatcher::_invoke() - CORE\src\Http\ActionDispatcher.php, line 122
Cake\Http\ActionDispatcher::dispatch() - CORE\src\Http\ActionDispatcher.php, line 96
Cake\Routing\Dispatcher::dispatch() - CORE\src\Routing\Dispatcher.php, line 60
[main] - ROOT\webroot\index.php, line 37



2016-12-26 05:07:47 Warning: Warning (2): Invalid argument supplied for foreach() in [E:\htdocs\2016\payu-airline\src\Controller\Admin\UsersController.php, line 106]
Request URL: /2016/payu-airline/admin
Trace:
Cake\Error\BaseErrorHandler::handleError() - CORE\src\Error\BaseErrorHandler.php, line 146
App\Controller\Admin\UsersController::_mapCard() - APP/Controller\Admin\UsersController.php, line 106
App\Controller\Admin\UsersController::dashboard() - APP/Controller\Admin\UsersController.php, line 100
Cake\Controller\Controller::invokeAction() - CORE\src\Controller\Controller.php, line 435
Cake\Http\ActionDispatcher::_invoke() - CORE\src\Http\ActionDispatcher.php, line 122
Cake\Http\ActionDispatcher::dispatch() - CORE\src\Http\ActionDispatcher.php, line 96
Cake\Routing\Dispatcher::dispatch() - CORE\src\Routing\Dispatcher.php, line 60
[main] - ROOT\webroot\index.php, line 37



2016-12-26 05:07:47 Warning: Warning (2): Invalid argument supplied for foreach() in [E:\htdocs\2016\payu-airline\src\Controller\Admin\UsersController.php, line 106]
Request URL: /2016/payu-airline/admin
Trace:
Cake\Error\BaseErrorHandler::handleError() - CORE\src\Error\BaseErrorHandler.php, line 146
App\Controller\Admin\UsersController::_mapCard() - APP/Controller\Admin\UsersController.php, line 106
App\Controller\Admin\UsersController::dashboard() - APP/Controller\Admin\UsersController.php, line 100
Cake\Controller\Controller::invokeAction() - CORE\src\Controller\Controller.php, line 435
Cake\Http\ActionDispatcher::_invoke() - CORE\src\Http\ActionDispatcher.php, line 122
Cake\Http\ActionDispatcher::dispatch() - CORE\src\Http\ActionDispatcher.php, line 96
Cake\Routing\Dispatcher::dispatch() - CORE\src\Routing\Dispatcher.php, line 60
[main] - ROOT\webroot\index.php, line 37



2016-12-26 05:07:47 Warning: Warning (2): Invalid argument supplied for foreach() in [E:\htdocs\2016\payu-airline\src\Controller\Admin\UsersController.php, line 106]
Request URL: /2016/payu-airline/admin
Trace:
Cake\Error\BaseErrorHandler::handleError() - CORE\src\Error\BaseErrorHandler.php, line 146
App\Controller\Admin\UsersController::_mapCard() - APP/Controller\Admin\UsersController.php, line 106
App\Controller\Admin\UsersController::dashboard() - APP/Controller\Admin\UsersController.php, line 100
Cake\Controller\Controller::invokeAction() - CORE\src\Controller\Controller.php, line 435
Cake\Http\ActionDispatcher::_invoke() - CORE\src\Http\ActionDispatcher.php, line 122
Cake\Http\ActionDispatcher::dispatch() - CORE\src\Http\ActionDispatcher.php, line 96
Cake\Routing\Dispatcher::dispatch() - CORE\src\Routing\Dispatcher.php, line 60
[main] - ROOT\webroot\index.php, line 37



2016-12-26 05:07:47 Warning: Warning (2): Invalid argument supplied for foreach() in [E:\htdocs\2016\payu-airline\src\Controller\Admin\UsersController.php, line 106]
Request URL: /2016/payu-airline/admin
Trace:
Cake\Error\BaseErrorHandler::handleError() - CORE\src\Error\BaseErrorHandler.php, line 146
App\Controller\Admin\UsersController::_mapCard() - APP/Controller\Admin\UsersController.php, line 106
App\Controller\Admin\UsersController::dashboard() - APP/Controller\Admin\UsersController.php, line 100
Cake\Controller\Controller::invokeAction() - CORE\src\Controller\Controller.php, line 435
Cake\Http\ActionDispatcher::_invoke() - CORE\src\Http\ActionDispatcher.php, line 122
Cake\Http\ActionDispatcher::dispatch() - CORE\src\Http\ActionDispatcher.php, line 96
Cake\Routing\Dispatcher::dispatch() - CORE\src\Routing\Dispatcher.php, line 60
[main] - ROOT\webroot\index.php, line 37



2016-12-26 05:07:47 Warning: Warning (2): Invalid argument supplied for foreach() in [E:\htdocs\2016\payu-airline\src\Controller\Admin\UsersController.php, line 106]
Request URL: /2016/payu-airline/admin
Trace:
Cake\Error\BaseErrorHandler::handleError() - CORE\src\Error\BaseErrorHandler.php, line 146
App\Controller\Admin\UsersController::_mapCard() - APP/Controller\Admin\UsersController.php, line 106
App\Controller\Admin\UsersController::dashboard() - APP/Controller\Admin\UsersController.php, line 100
Cake\Controller\Controller::invokeAction() - CORE\src\Controller\Controller.php, line 435
Cake\Http\ActionDispatcher::_invoke() - CORE\src\Http\ActionDispatcher.php, line 122
Cake\Http\ActionDispatcher::dispatch() - CORE\src\Http\ActionDispatcher.php, line 96
Cake\Routing\Dispatcher::dispatch() - CORE\src\Routing\Dispatcher.php, line 60
[main] - ROOT\webroot\index.php, line 37



2016-12-26 05:07:47 Warning: Warning (2): Invalid argument supplied for foreach() in [E:\htdocs\2016\payu-airline\src\Controller\Admin\UsersController.php, line 106]
Request URL: /2016/payu-airline/admin
Trace:
Cake\Error\BaseErrorHandler::handleError() - CORE\src\Error\BaseErrorHandler.php, line 146
App\Controller\Admin\UsersController::_mapCard() - APP/Controller\Admin\UsersController.php, line 106
App\Controller\Admin\UsersController::dashboard() - APP/Controller\Admin\UsersController.php, line 100
Cake\Controller\Controller::invokeAction() - CORE\src\Controller\Controller.php, line 435
Cake\Http\ActionDispatcher::_invoke() - CORE\src\Http\ActionDispatcher.php, line 122
Cake\Http\ActionDispatcher::dispatch() - CORE\src\Http\ActionDispatcher.php, line 96
Cake\Routing\Dispatcher::dispatch() - CORE\src\Routing\Dispatcher.php, line 60
[main] - ROOT\webroot\index.php, line 37



2016-12-26 05:07:47 Warning: Warning (2): Invalid argument supplied for foreach() in [E:\htdocs\2016\payu-airline\src\Controller\Admin\UsersController.php, line 106]
Request URL: /2016/payu-airline/admin
Trace:
Cake\Error\BaseErrorHandler::handleError() - CORE\src\Error\BaseErrorHandler.php, line 146
App\Controller\Admin\UsersController::_mapCard() - APP/Controller\Admin\UsersController.php, line 106
App\Controller\Admin\UsersController::dashboard() - APP/Controller\Admin\UsersController.php, line 100
Cake\Controller\Controller::invokeAction() - CORE\src\Controller\Controller.php, line 435
Cake\Http\ActionDispatcher::_invoke() - CORE\src\Http\ActionDispatcher.php, line 122
Cake\Http\ActionDispatcher::dispatch() - CORE\src\Http\ActionDispatcher.php, line 96
Cake\Routing\Dispatcher::dispatch() - CORE\src\Routing\Dispatcher.php, line 60
[main] - ROOT\webroot\index.php, line 37



2016-12-26 05:07:47 Warning: Warning (2): Invalid argument supplied for foreach() in [E:\htdocs\2016\payu-airline\src\Controller\Admin\UsersController.php, line 106]
Request URL: /2016/payu-airline/admin
Trace:
Cake\Error\BaseErrorHandler::handleError() - CORE\src\Error\BaseErrorHandler.php, line 146
App\Controller\Admin\UsersController::_mapCard() - APP/Controller\Admin\UsersController.php, line 106
App\Controller\Admin\UsersController::dashboard() - APP/Controller\Admin\UsersController.php, line 100
Cake\Controller\Controller::invokeAction() - CORE\src\Controller\Controller.php, line 435
Cake\Http\ActionDispatcher::_invoke() - CORE\src\Http\ActionDispatcher.php, line 122
Cake\Http\ActionDispatcher::dispatch() - CORE\src\Http\ActionDispatcher.php, line 96
Cake\Routing\Dispatcher::dispatch() - CORE\src\Routing\Dispatcher.php, line 60
[main] - ROOT\webroot\index.php, line 37



2016-12-26 05:07:47 Warning: Warning (2): Invalid argument supplied for foreach() in [E:\htdocs\2016\payu-airline\src\Controller\Admin\UsersController.php, line 106]
Request URL: /2016/payu-airline/admin
Trace:
Cake\Error\BaseErrorHandler::handleError() - CORE\src\Error\BaseErrorHandler.php, line 146
App\Controller\Admin\UsersController::_mapCard() - APP/Controller\Admin\UsersController.php, line 106
App\Controller\Admin\UsersController::dashboard() - APP/Controller\Admin\UsersController.php, line 100
Cake\Controller\Controller::invokeAction() - CORE\src\Controller\Controller.php, line 435
Cake\Http\ActionDispatcher::_invoke() - CORE\src\Http\ActionDispatcher.php, line 122
Cake\Http\ActionDispatcher::dispatch() - CORE\src\Http\ActionDispatcher.php, line 96
Cake\Routing\Dispatcher::dispatch() - CORE\src\Routing\Dispatcher.php, line 60
[main] - ROOT\webroot\index.php, line 37



2016-12-26 05:13:01 Error: [Cake\View\Exception\MissingHelperException] Helper class AuthHelper could not be found.
Request URL: /2016/payu-airline/recharge
Referer URL: http://localhost/2016/indigo/
Stack Trace:
#0 E:\htdocs\2016\payu-airline\vendor\cakephp\cakephp\src\Core\ObjectRegistry.php(91): Cake\View\HelperRegistry->_throwMissingClassError('Auth', NULL)
#1 E:\htdocs\2016\payu-airline\vendor\cakephp\cakephp\src\View\HelperRegistry.php(67): Cake\Core\ObjectRegistry->load('Auth')
#2 E:\htdocs\2016\payu-airline\vendor\cakephp\cakephp\src\View\View.php(899): Cake\View\HelperRegistry->__isset('Auth')
#3 E:\htdocs\2016\payu-airline\src\Template\Layout\default.ctp(29): Cake\View\View->__get('Auth')
#4 E:\htdocs\2016\payu-airline\vendor\cakephp\cakephp\src\View\View.php(1008): include('E:\\htdocs\\2016\\...')
#5 E:\htdocs\2016\payu-airline\vendor\cakephp\cakephp\src\View\View.php(967): Cake\View\View->_evaluate('E:\\htdocs\\2016\\...', Array)
#6 E:\htdocs\2016\payu-airline\vendor\cakephp\cakephp\src\View\View.php(638): Cake\View\View->_render('E:\\htdocs\\2016\\...')
#7 E:\htdocs\2016\payu-airline\vendor\cakephp\cakephp\src\View\View.php(596): Cake\View\View->renderLayout('', 'default')
#8 E:\htdocs\2016\payu-airline\vendor\cakephp\cakephp\src\Controller\Controller.php(617): Cake\View\View->render(NULL, NULL)
#9 E:\htdocs\2016\payu-airline\vendor\cakephp\cakephp\src\Http\ActionDispatcher.php(128): Cake\Controller\Controller->render()
#10 E:\htdocs\2016\payu-airline\vendor\cakephp\cakephp\src\Http\ActionDispatcher.php(96): Cake\Http\ActionDispatcher->_invoke(Object(App\Controller\UsersController))
#11 E:\htdocs\2016\payu-airline\vendor\cakephp\cakephp\src\Routing\Dispatcher.php(60): Cake\Http\ActionDispatcher->dispatch(Object(Cake\Network\Request), Object(Cake\Network\Response))
#12 E:\htdocs\2016\payu-airline\webroot\index.php(37): Cake\Routing\Dispatcher->dispatch(Object(Cake\Network\Request), Object(Cake\Network\Response))
#13 {main}


2016-12-26 05:18:37 Error: [Cake\Routing\Exception\MissingControllerException] Controller class Indigo could not be found.
Exception Attributes: array (
  'class' => 'Indigo',
  'plugin' => false,
  'prefix' => false,
  '_ext' => false,
)
Request URL: /2016/payu-airline/indigo
Stack Trace:
#0 E:\htdocs\2016\payu-airline\vendor\cakephp\cakephp\src\Http\ControllerFactory.php(72): Cake\Http\ControllerFactory->missingController(Object(Cake\Network\Request))
#1 E:\htdocs\2016\payu-airline\vendor\cakephp\cakephp\src\Routing\Filter\ControllerFactoryFilter.php(63): Cake\Http\ControllerFactory->create(Object(Cake\Network\Request), Object(Cake\Network\Response))
#2 E:\htdocs\2016\payu-airline\vendor\cakephp\cakephp\src\Routing\Filter\ControllerFactoryFilter.php(49): Cake\Routing\Filter\ControllerFactoryFilter->_getController(Object(Cake\Network\Request), Object(Cake\Network\Response))
#3 E:\htdocs\2016\payu-airline\vendor\cakephp\cakephp\src\Routing\DispatcherFilter.php(144): Cake\Routing\Filter\ControllerFactoryFilter->beforeDispatch(Object(Cake\Event\Event))
#4 E:\htdocs\2016\payu-airline\vendor\cakephp\cakephp\src\Event\EventManager.php(426): Cake\Routing\DispatcherFilter->handle(Object(Cake\Event\Event), Object(Cake\Network\Request), Object(Cake\Network\Response))
#5 E:\htdocs\2016\payu-airline\vendor\cakephp\cakephp\src\Event\EventManager.php(391): Cake\Event\EventManager->_callListener(Array, Object(Cake\Event\Event))
#6 E:\htdocs\2016\payu-airline\vendor\cakephp\cakephp\src\Event\EventDispatcherTrait.php(78): Cake\Event\EventManager->dispatch(Object(Cake\Event\Event))
#7 E:\htdocs\2016\payu-airline\vendor\cakephp\cakephp\src\Http\ActionDispatcher.php(81): Cake\Http\ActionDispatcher->dispatchEvent('Dispatcher.befo...', Array)
#8 E:\htdocs\2016\payu-airline\vendor\cakephp\cakephp\src\Routing\Dispatcher.php(60): Cake\Http\ActionDispatcher->dispatch(Object(Cake\Network\Request), Object(Cake\Network\Response))
#9 E:\htdocs\2016\payu-airline\webroot\index.php(37): Cake\Routing\Dispatcher->dispatch(Object(Cake\Network\Request), Object(Cake\Network\Response))
#10 {main}


2016-12-26 06:01:16 Warning: Warning (2): session_regenerate_id(): Session object destruction failed in [E:\htdocs\2016\payu-airline\vendor\cakephp\cakephp\src\Network\Session.php, line 579]
Request URL: /2016/payu-airline/admin/users/logout
Referer URL: http://localhost/2016/payu-airline/admin/users/transactions?payu_status=failed&navitor_status=2
Trace:
Cake\Error\BaseErrorHandler::handleError() - CORE\src\Error\BaseErrorHandler.php, line 146
session_regenerate_id - [internal], line ??
Cake\Network\Session::renew() - CORE\src\Network\Session.php, line 579
Cake\Auth\Storage\SessionStorage::delete() - CORE\src\Auth\Storage\SessionStorage.php, line 118
Cake\Controller\Component\AuthComponent::logout() - CORE\src\Controller\Component\AuthComponent.php, line 664
App\Controller\Admin\UsersController::logout() - APP/Controller\Admin\UsersController.php, line 514
Cake\Controller\Controller::invokeAction() - CORE\src\Controller\Controller.php, line 435
Cake\Http\ActionDispatcher::_invoke() - CORE\src\Http\ActionDispatcher.php, line 122
Cake\Http\ActionDispatcher::dispatch() - CORE\src\Http\ActionDispatcher.php, line 96
Cake\Routing\Dispatcher::dispatch() - CORE\src\Routing\Dispatcher.php, line 60
[main] - ROOT\webroot\index.php, line 37



2016-12-26 06:13:48 Error: [Cake\Controller\Exception\MissingActionException] Action UsersController::enable() could not be found, or is not accessible.
Exception Attributes: array (
  'controller' => 'UsersController',
  'action' => 'enable',
  'prefix' => '',
  'plugin' => NULL,
)
Request URL: /2016/payu-airline/users/enable/4abd61af8cfb4d46a1be1123098d1f7ee44e4a01
Referer URL: http://localhost/2016/payu-airline/recharge
Stack Trace:
#0 E:\htdocs\2016\payu-airline\vendor\cakephp\cakephp\src\Http\ActionDispatcher.php(122): Cake\Controller\Controller->invokeAction()
#1 E:\htdocs\2016\payu-airline\vendor\cakephp\cakephp\src\Http\ActionDispatcher.php(96): Cake\Http\ActionDispatcher->_invoke(Object(App\Controller\UsersController))
#2 E:\htdocs\2016\payu-airline\vendor\cakephp\cakephp\src\Routing\Dispatcher.php(60): Cake\Http\ActionDispatcher->dispatch(Object(Cake\Network\Request), Object(Cake\Network\Response))
#3 E:\htdocs\2016\payu-airline\webroot\index.php(37): Cake\Routing\Dispatcher->dispatch(Object(Cake\Network\Request), Object(Cake\Network\Response))
#4 {main}


2016-12-26 06:28:22 Error: Fatal Error (4): syntax error, unexpected 'else' (T_ELSE) in [E:\htdocs\2016\payu-airline\src\Template\Users\card_register.ctp, line 280]
Request URL: /2016/payu-airline/recharge
Trace:
Cake\Error\BaseErrorHandler::handleFatalError() - CORE\src\Error\BaseErrorHandler.php, line 216
Cake\Error\BaseErrorHandler::Cake\Error\{closure}() - CORE\src\Error\BaseErrorHandler.php, line 98
[main] - [internal], line ??



2016-12-26 06:28:22 Error: [Cake\Error\FatalErrorException] syntax error, unexpected 'else' (T_ELSE)
Request URL: /2016/payu-airline/recharge
Stack Trace:
#0 E:\htdocs\2016\payu-airline\vendor\cakephp\cakephp\src\Error\BaseErrorHandler.php(98): Cake\Error\BaseErrorHandler->handleFatalError(4, 'syntax error, u...', 'E:\\htdocs\\2016\\...', 280)
#1 [internal function]: Cake\Error\BaseErrorHandler->Cake\Error\{closure}()
#2 {main}


2016-12-26 06:57:21 Warning: Headers already sent in E:\htdocs\2016\payu-airline\vendor\cakephp\cakephp\src\Error\Debugger.php:753
2016-12-26 10:07:03 Error: Fatal Error (4): syntax error, unexpected 'JavaScript' (T_STRING), expecting ',' or ';' in [E:\htdocs\2016\payu-airline\src\Controller\UsersController.php, line 66]
Request URL: /2016/payu-airline/logout
Referer URL: http://localhost/2016/payu-airline/recharge
Trace:
Cake\Error\BaseErrorHandler::handleFatalError() - CORE\src\Error\BaseErrorHandler.php, line 216
Cake\Error\BaseErrorHandler::Cake\Error\{closure}() - CORE\src\Error\BaseErrorHandler.php, line 98
[main] - [internal], line ??



2016-12-26 10:07:03 Error: [Cake\Error\FatalErrorException] syntax error, unexpected 'JavaScript' (T_STRING), expecting ',' or ';'
Request URL: /2016/payu-airline/logout
Referer URL: http://localhost/2016/payu-airline/recharge
Stack Trace:
#0 E:\htdocs\2016\payu-airline\vendor\cakephp\cakephp\src\Error\BaseErrorHandler.php(98): Cake\Error\BaseErrorHandler->handleFatalError(4, 'syntax error, u...', 'E:\\htdocs\\2016\\...', 66)
#1 [internal function]: Cake\Error\BaseErrorHandler->Cake\Error\{closure}()
#2 {main}


2016-12-26 11:46:03 Error: [Cake\Network\Exception\MethodNotAllowedException] Method Not Allowed
Request URL: /2016/payu-airline/transactions/failure/165
Stack Trace:
#0 E:\htdocs\2016\payu-airline\src\Controller\TransactionsController.php(189): Cake\Network\Request->allowMethod(Array)
#1 [internal function]: App\Controller\TransactionsController->failure('165')
#2 E:\htdocs\2016\payu-airline\vendor\cakephp\cakephp\src\Controller\Controller.php(435): call_user_func_array(Array, Array)
#3 E:\htdocs\2016\payu-airline\vendor\cakephp\cakephp\src\Http\ActionDispatcher.php(122): Cake\Controller\Controller->invokeAction()
#4 E:\htdocs\2016\payu-airline\vendor\cakephp\cakephp\src\Http\ActionDispatcher.php(96): Cake\Http\ActionDispatcher->_invoke(Object(App\Controller\TransactionsController))
#5 E:\htdocs\2016\payu-airline\vendor\cakephp\cakephp\src\Routing\Dispatcher.php(60): Cake\Http\ActionDispatcher->dispatch(Object(Cake\Network\Request), Object(Cake\Network\Response))
#6 E:\htdocs\2016\payu-airline\webroot\index.php(37): Cake\Routing\Dispatcher->dispatch(Object(Cake\Network\Request), Object(Cake\Network\Response))
#7 {main}


2016-12-26 11:46:41 Error: [Cake\Network\Exception\MethodNotAllowedException] Method Not Allowed
Request URL: /2016/payu-airline/transactions/failure/165
Stack Trace:
#0 E:\htdocs\2016\payu-airline\src\Controller\TransactionsController.php(189): Cake\Network\Request->allowMethod(Array)
#1 [internal function]: App\Controller\TransactionsController->failure('165')
#2 E:\htdocs\2016\payu-airline\vendor\cakephp\cakephp\src\Controller\Controller.php(435): call_user_func_array(Array, Array)
#3 E:\htdocs\2016\payu-airline\vendor\cakephp\cakephp\src\Http\ActionDispatcher.php(122): Cake\Controller\Controller->invokeAction()
#4 E:\htdocs\2016\payu-airline\vendor\cakephp\cakephp\src\Http\ActionDispatcher.php(96): Cake\Http\ActionDispatcher->_invoke(Object(App\Controller\TransactionsController))
#5 E:\htdocs\2016\payu-airline\vendor\cakephp\cakephp\src\Routing\Dispatcher.php(60): Cake\Http\ActionDispatcher->dispatch(Object(Cake\Network\Request), Object(Cake\Network\Response))
#6 E:\htdocs\2016\payu-airline\webroot\index.php(37): Cake\Routing\Dispatcher->dispatch(Object(Cake\Network\Request), Object(Cake\Network\Response))
#7 {main}


2016-12-26 11:46:43 Error: [Cake\Network\Exception\MethodNotAllowedException] Method Not Allowed
Request URL: /2016/payu-airline/transactions/failure/165
Stack Trace:
#0 E:\htdocs\2016\payu-airline\src\Controller\TransactionsController.php(189): Cake\Network\Request->allowMethod(Array)
#1 [internal function]: App\Controller\TransactionsController->failure('165')
#2 E:\htdocs\2016\payu-airline\vendor\cakephp\cakephp\src\Controller\Controller.php(435): call_user_func_array(Array, Array)
#3 E:\htdocs\2016\payu-airline\vendor\cakephp\cakephp\src\Http\ActionDispatcher.php(122): Cake\Controller\Controller->invokeAction()
#4 E:\htdocs\2016\payu-airline\vendor\cakephp\cakephp\src\Http\ActionDispatcher.php(96): Cake\Http\ActionDispatcher->_invoke(Object(App\Controller\TransactionsController))
#5 E:\htdocs\2016\payu-airline\vendor\cakephp\cakephp\src\Routing\Dispatcher.php(60): Cake\Http\ActionDispatcher->dispatch(Object(Cake\Network\Request), Object(Cake\Network\Response))
#6 E:\htdocs\2016\payu-airline\webroot\index.php(37): Cake\Routing\Dispatcher->dispatch(Object(Cake\Network\Request), Object(Cake\Network\Response))
#7 {main}


2016-12-26 11:48:43 Warning: Headers already sent in E:\htdocs\2016\payu-airline\vendor\cakephp\cakephp\src\Error\Debugger.php:753
2016-12-26 11:50:59 Warning: Headers already sent in E:\htdocs\2016\payu-airline\vendor\cakephp\cakephp\src\Error\Debugger.php:753
2016-12-26 11:51:05 Error: [Cake\Network\Exception\MethodNotAllowedException] Method Not Allowed
Request URL: /2016/payu-airline/transactions/success/168
Stack Trace:
#0 E:\htdocs\2016\payu-airline\src\Controller\TransactionsController.php(59): Cake\Network\Request->allowMethod(Array)
#1 [internal function]: App\Controller\TransactionsController->success('168')
#2 E:\htdocs\2016\payu-airline\vendor\cakephp\cakephp\src\Controller\Controller.php(435): call_user_func_array(Array, Array)
#3 E:\htdocs\2016\payu-airline\vendor\cakephp\cakephp\src\Http\ActionDispatcher.php(122): Cake\Controller\Controller->invokeAction()
#4 E:\htdocs\2016\payu-airline\vendor\cakephp\cakephp\src\Http\ActionDispatcher.php(96): Cake\Http\ActionDispatcher->_invoke(Object(App\Controller\TransactionsController))
#5 E:\htdocs\2016\payu-airline\vendor\cakephp\cakephp\src\Routing\Dispatcher.php(60): Cake\Http\ActionDispatcher->dispatch(Object(Cake\Network\Request), Object(Cake\Network\Response))
#6 E:\htdocs\2016\payu-airline\webroot\index.php(37): Cake\Routing\Dispatcher->dispatch(Object(Cake\Network\Request), Object(Cake\Network\Response))
#7 {main}


2016-12-26 11:51:29 Error: [Cake\Network\Exception\MethodNotAllowedException] Method Not Allowed
Request URL: /2016/payu-airline/transactions/success/168
Stack Trace:
#0 E:\htdocs\2016\payu-airline\src\Controller\TransactionsController.php(59): Cake\Network\Request->allowMethod(Array)
#1 [internal function]: App\Controller\TransactionsController->success('168')
#2 E:\htdocs\2016\payu-airline\vendor\cakephp\cakephp\src\Controller\Controller.php(435): call_user_func_array(Array, Array)
#3 E:\htdocs\2016\payu-airline\vendor\cakephp\cakephp\src\Http\ActionDispatcher.php(122): Cake\Controller\Controller->invokeAction()
#4 E:\htdocs\2016\payu-airline\vendor\cakephp\cakephp\src\Http\ActionDispatcher.php(96): Cake\Http\ActionDispatcher->_invoke(Object(App\Controller\TransactionsController))
#5 E:\htdocs\2016\payu-airline\vendor\cakephp\cakephp\src\Routing\Dispatcher.php(60): Cake\Http\ActionDispatcher->dispatch(Object(Cake\Network\Request), Object(Cake\Network\Response))
#6 E:\htdocs\2016\payu-airline\webroot\index.php(37): Cake\Routing\Dispatcher->dispatch(Object(Cake\Network\Request), Object(Cake\Network\Response))
#7 {main}


